thread=1,func=fast,ht=0
# started on Tue Oct  3 17:46:49 2017
619205120,,cycles,111903847,50.94,,,,
1358579107,,instructions,166299024,75.53,2.19,insn per cycle
194224519,,L1-dcache-loads,165648678,75.24,,,,
8224375,,L1-dcache-load-misses,162796123,73.94,4.23,of all L1-dcache hits
thread=1,func=slow_a,ht=0
# started on Tue Oct  3 17:46:49 2017
2889205274,,cycles,510075428,50.51,,,,
6645259522,,instructions,760154040,75.28,2.30,insn per cycle
2667475722,,L1-dcache-loads,747763686,74.05,,,,
8232250,,L1-dcache-load-misses,761763580,75.60,0.31,of all L1-dcache hits
thread=1,func=slow_b,ht=0
# started on Tue Oct  3 17:46:50 2017
3538319736,,cycles,611870087,49.74,,,,
6545096641,,instructions,926920050,75.22,1.85,insn per cycle
2160236711,,L1-dcache-loads,930977590,75.55,,,,
8290733,,L1-dcache-load-misses,921636319,74.79,0.38,of all L1-dcache hits
thread=1,func=slow_c,ht=0
# started on Tue Oct  3 17:46:52 2017
10428176327,,cycles,1792828546,49.67,,,,
5064501663,,instructions,2708398850,75.03,0.49,insn per cycle
1664735967,,L1-dcache-loads,2712910672,75.15,,,,
8586606,,L1-dcache-load-misses,2713911232,75.22,0.52,of all L1-dcache hits
thread=1,func=slow_d,ht=0
# started on Tue Oct  3 17:46:55 2017
27603510754,,cycles,4795408227,49.92,,,,
14574127193,,instructions,7211425025,75.07,0.53,insn per cycle
6168149044,,L1-dcache-loads,7206435927,75.01,,,,
9235607,,L1-dcache-load-misses,7211677664,75.10,0.15,of all L1-dcache hits
thread=1,func=slow_e,ht=0
# started on Tue Oct  3 17:47:05 2017
15273002681,,cycles,2804536319,49.86,,,,
5084555525,,instructions,4205889975,74.77,0.33,insn per cycle
1843824713,,L1-dcache-loads,4226657906,75.16,,,,
503188290,,L1-dcache-load-misses,4218555501,75.00,27.29,of all L1-dcache hits
thread=1,func=slow_f,ht=0
# started on Tue Oct  3 17:47:11 2017
952308637,,cycles,165820640,49.97,,,,
2132730998,,instructions,248834533,74.98,2.24,insn per cycle
186114365,,L1-dcache-loads,249025456,75.85,,,,
8259350,,L1-dcache-load-misses,248854438,74.99,4.44,of all L1-dcache hits
thread=2,func=fast,ht=0
# started on Tue Oct  3 17:47:11 2017
971414533,,cycles,175631963,51.17,,,,
1376112972,,instructions,260188042,76.28,1.42,insn per cycle
188630425,,L1-dcache-loads,265957141,77.44,,,,
7497676,,L1-dcache-load-misses,245489720,71.46,3.97,of all L1-dcache hits
thread=2,func=slow_a,ht=0
# started on Tue Oct  3 17:47:11 2017
3328276204,,cycles,596737722,50.17,,,,
6604061853,,instructions,891207871,74.93,1.98,insn per cycle
2681896656,,L1-dcache-loads,881316110,74.09,,,,
8307029,,L1-dcache-load-misses,900829002,75.85,0.31,of all L1-dcache hits
thread=2,func=slow_b,ht=0
# started on Tue Oct  3 17:47:12 2017
11913155620,,cycles,2137313473,50.04,,,,
6617857506,,instructions,3196571385,74.84,0.56,insn per cycle
2162812099,,L1-dcache-loads,3200681232,74.94,,,,
102058368,,L1-dcache-load-misses,3204324803,75.02,4.72,of all L1-dcache hits
thread=2,func=slow_c,ht=0
# started on Tue Oct  3 17:47:15 2017
82081834839,,cycles,15639533735,50.08,,,,
5125656650,,instructions,23431085827,75.02,0.06,insn per cycle
1509140757,,L1-dcache-loads,23423474874,75.00,,,,
555266452,,L1-dcache-load-misses,23400662541,74.93,36.79,of all L1-dcache hits
thread=2,func=slow_d,ht=0
# started on Tue Oct  3 17:47:31 2017
169543091796,,cycles,30419707396,49.90,,,,
77559562291,,instructions,45669849555,74.92,0.46,insn per cycle
20512223216,,L1-dcache-loads,45727778116,75.01,,,,
1008542750,,L1-dcache-load-misses,45774511262,75.09,4.92,of all L1-dcache hits
thread=2,func=slow_e,ht=0
# started on Tue Oct  3 17:48:03 2017
23469800033,,cycles,4258926273,49.85,,,,
5128658699,,instructions,6399611888,74.94,0.22,insn per cycle
1733028003,,L1-dcache-loads,6420814563,75.16,,,,
557542184,,L1-dcache-load-misses,6406615582,74.99,32.17,of all L1-dcache hits
thread=2,func=slow_f,ht=0
# started on Tue Oct  3 17:48:08 2017
1237312572,,cycles,219860846,49.80,,,,
2156453337,,instructions,332911669,75.40,1.74,insn per cycle
192700665,,L1-dcache-loads,334915313,75.85,,,,
8416675,,L1-dcache-load-misses,328270787,74.38,4.37,of all L1-dcache hits
thread=2,func=fast,ht=1
# started on Tue Oct  3 17:48:09 2017
901630825,,cycles,161365396,50.73,,,,
1401461616,,instructions,238869171,75.08,1.55,insn per cycle
191406451,,L1-dcache-loads,238720263,75.03,,,,
8265910,,L1-dcache-load-misses,236256139,74.28,4.32,of all L1-dcache hits
thread=2,func=slow_a,ht=1
# started on Tue Oct  3 17:48:09 2017
3556446463,,cycles,635838312,50.27,,,,
6571647663,,instructions,949385672,75.07,1.85,insn per cycle
2650661569,,L1-dcache-loads,947768659,74.94,,,,
8409588,,L1-dcache-load-misses,945862917,74.89,0.32,of all L1-dcache hits
thread=2,func=slow_b,ht=1
# started on Tue Oct  3 17:48:10 2017
3892434601,,cycles,692477806,50.49,,,,
6589525086,,instructions,1035746083,75.51,1.69,insn per cycle
2156651697,,L1-dcache-loads,1030596896,75.14,,,,
16138563,,L1-dcache-load-misses,1020193056,74.56,0.75,of all L1-dcache hits
thread=2,func=slow_c,ht=1
# started on Tue Oct  3 17:48:12 2017
11131486980,,cycles,1921103250,49.64,,,,
5077742891,,instructions,2902034223,74.99,0.46,insn per cycle
1662301048,,L1-dcache-loads,2906070237,75.10,,,,
8588436,,L1-dcache-load-misses,2912927223,75.27,0.52,of all L1-dcache hits
thread=2,func=slow_d,ht=1
# started on Tue Oct  3 17:48:15 2017
28003136252,,cycles,4868105026,50.00,,,,
14572828966,,instructions,7312942174,75.10,0.52,insn per cycle
6170005949,,L1-dcache-loads,7307931560,75.05,,,,
9388147,,L1-dcache-load-misses,7298249554,74.95,0.15,of all L1-dcache hits
thread=2,func=slow_e,ht=1
# started on Tue Oct  3 17:48:25 2017
14944585521,,cycles,2784289314,50.12,,,,
5139416971,,instructions,4193319661,75.48,0.34,insn per cycle
1834291498,,L1-dcache-loads,4149698185,74.73,,,,
502762667,,L1-dcache-load-misses,4176523523,75.18,27.41,of all L1-dcache hits
thread=2,func=slow_f,ht=1
# started on Tue Oct  3 17:48:31 2017
1284123415,,cycles,222196638,50.08,,,,
2163658256,,instructions,332748856,74.99,1.68,insn per cycle
193967799,,L1-dcache-loads,332603391,74.96,,,,
8392417,,L1-dcache-load-misses,332644309,75.02,4.33,of all L1-dcache hits
